key_word: 'int'
identifier: 'e25'
semicolon: ';'
semicolon: ';'
string: '"  /*ah\'h\'*/"'
char: '\'"\''
string: '"\'"'
char: "'('"
key_word: 'void'
identifier: 'main'
opened_parenthesis: '('
closed_parenthesis: ')'
opened_braces: '{'
closed_braces: '}'
opened_braces: '{'
key_word: 'if'
opened_parenthesis: '('
opened_parenthesis: '('
identifier: 'a'
increment_operator: '++'
plus: '+'
exponential: '12e3'
EQ: '=='
identifier: 'e12'
dot: '.'
identifier: 'e'
plus: '+'
integer: '12'
closed_parenthesis: ')'
asterisk: '*'
slash: '/'
identifier: 'e20'
increment_operator: '++'
plus_eq: '+='
increment_operator: '++'
exponential: '20e-3'
operator: '<<='
integer: '1'
closed_parenthesis: ')'
identifier: 'a'
asterisk: '*'
asterisk: '*'
identifier: 'p'
asterisk: '*'
slash: '/'
increment_operator: '++'
identifier: 'e'
plus: '+'
integer: '3'
semicolon: ';'
key_word: 'return'
hex: '0'
semicolon: ';'
string: '"jkhkjk      \\""'
identifier: 'lkjlkjlkjkl'
string: '"}"'
